app/build/intermediates/manifest_merge_blame_file/debug/manifest-merger-blame-debug-report.txt
1<?xml version="1.0" encoding="utf-8"?>
2<manifest xmlns:android="http://schemas.android.com/apk/res/android"
3    package="com.paqta.paqtafood"
4    android:versionCode="1"
5    android:versionName="1.0" >
6
7    <uses-sdk
8        android:minSdkVersion="28"
8-->src\main\AndroidManifest.xml
9        android:targetSdkVersion="33" />
9-->src\main\AndroidManifest.xml
10
11    <uses-permission android:name="android.permission.INTERNET" />
11-->src\main\AndroidManifest.xml:6:5-67
11-->src\main\AndroidManifest.xml:6:22-64
12    <uses-permission android:name="android.permission.ACCESS_NETWORK_STATE" />
12-->src\main\AndroidManifest.xml:7:5-79
12-->src\main\AndroidManifest.xml:7:22-76
13
14    <!-- Used to check if a browser is available before launching phone auth -->
15    <!-- See ui/phone/PhoneNumberVerificationHandler.isBrowserAvailable() -->
16    <queries>
16-->[com.firebaseui:firebase-ui-auth:8.0.2] AndroidManifest.xml:15:5-23:15
17        <intent>
17-->[com.firebaseui:firebase-ui-auth:8.0.2] AndroidManifest.xml:16:9-22:18
18            <action android:name="android.intent.action.VIEW" />
18-->[com.firebaseui:firebase-ui-auth:8.0.2] AndroidManifest.xml:17:13-65
18-->[com.firebaseui:firebase-ui-auth:8.0.2] AndroidManifest.xml:17:21-62
19
20            <category android:name="android.intent.category.BROWSABLE" />
20-->[com.firebaseui:firebase-ui-auth:8.0.2] AndroidManifest.xml:19:13-74
20-->[com.firebaseui:firebase-ui-auth:8.0.2] AndroidManifest.xml:19:23-71
21
22            <data android:scheme="http" />
22-->[com.firebaseui:firebase-ui-auth:8.0.2] AndroidManifest.xml:21:13-43
22-->[com.firebaseui:firebase-ui-auth:8.0.2] AndroidManifest.xml:21:19-40
23        </intent>
24    </queries>
25
26    <uses-permission android:name="android.permission.WAKE_LOCK" />
26-->[com.google.android.gms:play-services-measurement-api:21.2.2] AndroidManifest.xml:24:5-68
26-->[com.google.android.gms:play-services-measurement-api:21.2.2] AndroidManifest.xml:24:22-65
27    <uses-permission android:name="com.google.android.gms.permission.AD_ID" />
27-->[com.google.android.gms:play-services-measurement-api:21.2.2] AndroidManifest.xml:25:5-79
27-->[com.google.android.gms:play-services-measurement-api:21.2.2] AndroidManifest.xml:25:22-76
28    <uses-permission android:name="com.google.android.finsky.permission.BIND_GET_INSTALL_REFERRER_SERVICE" />
28-->[com.google.android.gms:play-services-measurement:21.2.2] AndroidManifest.xml:26:5-110
28-->[com.google.android.gms:play-services-measurement:21.2.2] AndroidManifest.xml:26:22-107
29
30    <permission
30-->[androidx.core:core:1.9.0] AndroidManifest.xml:22:5-24:47
31        android:name="com.paqta.paqtafood.DYNAMIC_RECEIVER_NOT_EXPORTED_PERMISSION"
31-->[androidx.core:core:1.9.0] AndroidManifest.xml:23:9-81
32        android:protectionLevel="signature" />
32-->[androidx.core:core:1.9.0] AndroidManifest.xml:24:9-44
33
34    <uses-permission android:name="com.paqta.paqtafood.DYNAMIC_RECEIVER_NOT_EXPORTED_PERMISSION" />
34-->[androidx.core:core:1.9.0] AndroidManifest.xml:26:5-97
34-->[androidx.core:core:1.9.0] AndroidManifest.xml:26:22-94
35
36    <application
36-->src\main\AndroidManifest.xml:9:5-60:19
37        android:allowBackup="true"
37-->src\main\AndroidManifest.xml:10:9-35
38        android:appComponentFactory="androidx.core.app.CoreComponentFactory"
38-->[androidx.core:core:1.9.0] AndroidManifest.xml:28:18-86
39        android:dataExtractionRules="@xml/data_extraction_rules"
39-->src\main\AndroidManifest.xml:11:9-65
40        android:debuggable="true"
41        android:extractNativeLibs="false"
42        android:fullBackupContent="@xml/backup_rules"
42-->src\main\AndroidManifest.xml:12:9-54
43        android:icon="@mipmap/ic_launcher_logo"
43-->src\main\AndroidManifest.xml:13:9-48
44        android:label="@string/app_name"
44-->src\main\AndroidManifest.xml:14:9-41
45        android:roundIcon="@mipmap/ic_launcher_logo_round"
45-->src\main\AndroidManifest.xml:15:9-59
46        android:supportsRtl="true"
46-->src\main\AndroidManifest.xml:16:9-35
47        android:testOnly="true"
48        android:theme="@style/Base.Theme.PaqtaFood" >
48-->src\main\AndroidManifest.xml:17:9-52
49        <activity
49-->src\main\AndroidManifest.xml:19:9-21:40
50            android:name="com.paqta.paqtafood.screens.recycler.DescriptionActivity"
50-->src\main\AndroidManifest.xml:20:13-65
51            android:exported="false" />
51-->src\main\AndroidManifest.xml:21:13-37
52        <activity
52-->src\main\AndroidManifest.xml:22:9-24:40
53            android:name="com.paqta.paqtafood.screens.components.steps.StepsActivity"
53-->src\main\AndroidManifest.xml:23:13-67
54            android:exported="false" />
54-->src\main\AndroidManifest.xml:24:13-37
55        <activity
55-->src\main\AndroidManifest.xml:25:9-27:40
56            android:name="com.paqta.paqtafood.screens.recycler.RecyclerActivity"
56-->src\main\AndroidManifest.xml:26:13-62
57            android:exported="false" />
57-->src\main\AndroidManifest.xml:27:13-37
58        <activity
58-->src\main\AndroidManifest.xml:28:9-30:40
59            android:name="com.paqta.paqtafood.screens.forgotPassword.ForgotPassword"
59-->src\main\AndroidManifest.xml:29:13-66
60            android:exported="false" />
60-->src\main\AndroidManifest.xml:30:13-37
61        <activity
61-->src\main\AndroidManifest.xml:31:9-33:40
62            android:name="com.paqta.paqtafood.navigation.DefaultNavigationApp"
62-->src\main\AndroidManifest.xml:32:13-60
63            android:exported="false" />
63-->src\main\AndroidManifest.xml:33:13-37
64        <activity
64-->src\main\AndroidManifest.xml:34:9-36:40
65            android:name="com.paqta.paqtafood.screens.staff.Staff"
65-->src\main\AndroidManifest.xml:35:13-48
66            android:exported="false" />
66-->src\main\AndroidManifest.xml:36:13-37
67        <activity
67-->src\main\AndroidManifest.xml:37:9-39:40
68            android:name="com.paqta.paqtafood.screens.signup.Signup"
68-->src\main\AndroidManifest.xml:38:13-50
69            android:exported="false" />
69-->src\main\AndroidManifest.xml:39:13-37
70        <activity
70-->src\main\AndroidManifest.xml:40:9-42:40
71            android:name="com.paqta.paqtafood.screens.login.Login"
71-->src\main\AndroidManifest.xml:41:13-48
72            android:exported="false" />
72-->src\main\AndroidManifest.xml:42:13-37
73        <activity
73-->src\main\AndroidManifest.xml:43:9-51:20
74            android:name="com.paqta.paqtafood.MainActivity"
74-->src\main\AndroidManifest.xml:44:13-41
75            android:exported="true" >
75-->src\main\AndroidManifest.xml:45:13-36
76            <intent-filter>
76-->src\main\AndroidManifest.xml:46:13-50:29
77                <action android:name="android.intent.action.MAIN" />
77-->src\main\AndroidManifest.xml:47:17-69
77-->src\main\AndroidManifest.xml:47:25-66
78
79                <category android:name="android.intent.category.LAUNCHER" />
79-->src\main\AndroidManifest.xml:49:17-77
79-->src\main\AndroidManifest.xml:49:27-74
80            </intent-filter>
81        </activity>
82
83        <meta-data
83-->src\main\AndroidManifest.xml:53:9-55:32
84            android:name="android.app.lib_name"
84-->src\main\AndroidManifest.xml:54:13-48
85            android:value="" />
85-->src\main\AndroidManifest.xml:55:13-29
86        <meta-data
86-->src\main\AndroidManifest.xml:57:9-59:57
87            android:name="preloaded_fonts"
87-->src\main\AndroidManifest.xml:58:13-43
88            android:resource="@array/preloaded_fonts" />
88-->src\main\AndroidManifest.xml:59:13-54
89        <meta-data
89-->[com.firebaseui:firebase-ui-auth:8.0.2] AndroidManifest.xml:26:9-28:69
90            android:name="com.google.android.gms.version"
90-->[com.firebaseui:firebase-ui-auth:8.0.2] AndroidManifest.xml:27:13-58
91            android:value="@integer/google_play_services_version" />
91-->[com.firebaseui:firebase-ui-auth:8.0.2] AndroidManifest.xml:28:13-66
92        <meta-data
92-->[com.firebaseui:firebase-ui-auth:8.0.2] AndroidManifest.xml:29:9-31:63
93            android:name="com.facebook.sdk.ApplicationId"
93-->[com.firebaseui:firebase-ui-auth:8.0.2] AndroidManifest.xml:30:13-58
94            android:value="@string/facebook_application_id" />
94-->[com.firebaseui:firebase-ui-auth:8.0.2] AndroidManifest.xml:31:13-60
95
96        <activity
96-->[com.firebaseui:firebase-ui-auth:8.0.2] AndroidManifest.xml:33:9-37:61
97            android:name="com.firebase.ui.auth.KickoffActivity"
97-->[com.firebaseui:firebase-ui-auth:8.0.2] AndroidManifest.xml:34:13-64
98            android:exported="false"
98-->[com.firebaseui:firebase-ui-auth:8.0.2] AndroidManifest.xml:35:13-37
99            android:label=""
99-->[com.firebaseui:firebase-ui-auth:8.0.2] AndroidManifest.xml:36:13-29
100            android:theme="@style/FirebaseUI.Transparent" />
100-->[com.firebaseui:firebase-ui-auth:8.0.2] AndroidManifest.xml:37:13-58
101        <activity
101-->[com.firebaseui:firebase-ui-auth:8.0.2] AndroidManifest.xml:38:9-42:61
102            android:name="com.firebase.ui.auth.ui.idp.SingleSignInActivity"
102-->[com.firebaseui:firebase-ui-auth:8.0.2] AndroidManifest.xml:39:13-76
103            android:exported="false"
103-->[com.firebaseui:firebase-ui-auth:8.0.2] AndroidManifest.xml:40:13-37
104            android:label=""
104-->[com.firebaseui:firebase-ui-auth:8.0.2] AndroidManifest.xml:41:13-29
105            android:theme="@style/FirebaseUI.Transparent" />
105-->[com.firebaseui:firebase-ui-auth:8.0.2] AndroidManifest.xml:42:13-58
106        <activity
106-->[com.firebaseui:firebase-ui-auth:8.0.2] AndroidManifest.xml:43:9-47:61
107            android:name="com.firebase.ui.auth.ui.credentials.CredentialSaveActivity"
107-->[com.firebaseui:firebase-ui-auth:8.0.2] AndroidManifest.xml:44:13-86
108            android:exported="false"
108-->[com.firebaseui:firebase-ui-auth:8.0.2] AndroidManifest.xml:45:13-37
109            android:label=""
109-->[com.firebaseui:firebase-ui-auth:8.0.2] AndroidManifest.xml:46:13-29
110            android:theme="@style/FirebaseUI.Transparent" />
110-->[com.firebaseui:firebase-ui-auth:8.0.2] AndroidManifest.xml:47:13-58
111        <activity
111-->[com.firebaseui:firebase-ui-auth:8.0.2] AndroidManifest.xml:48:9-52:58
112            android:name="com.firebase.ui.auth.ui.email.RecoverPasswordActivity"
112-->[com.firebaseui:firebase-ui-auth:8.0.2] AndroidManifest.xml:49:13-81
113            android:exported="false"
113-->[com.firebaseui:firebase-ui-auth:8.0.2] AndroidManifest.xml:50:13-37
114            android:label="@string/fui_title_recover_password_activity"
114-->[com.firebaseui:firebase-ui-auth:8.0.2] AndroidManifest.xml:51:13-72
115            android:windowSoftInputMode="adjustResize" />
115-->[com.firebaseui:firebase-ui-auth:8.0.2] AndroidManifest.xml:52:13-55
116        <activity
116-->[com.firebaseui:firebase-ui-auth:8.0.2] AndroidManifest.xml:53:9-57:58
117            android:name="com.firebase.ui.auth.ui.email.EmailActivity"
117-->[com.firebaseui:firebase-ui-auth:8.0.2] AndroidManifest.xml:54:13-71
118            android:exported="false"
118-->[com.firebaseui:firebase-ui-auth:8.0.2] AndroidManifest.xml:55:13-37
119            android:label="@string/fui_sign_in_default"
119-->[com.firebaseui:firebase-ui-auth:8.0.2] AndroidManifest.xml:56:13-56
120            android:windowSoftInputMode="adjustResize" />
120-->[com.firebaseui:firebase-ui-auth:8.0.2] AndroidManifest.xml:57:13-55
121        <activity
121-->[com.firebaseui:firebase-ui-auth:8.0.2] AndroidManifest.xml:58:9-62:77
122            android:name="com.firebase.ui.auth.ui.phone.PhoneActivity"
122-->[com.firebaseui:firebase-ui-auth:8.0.2] AndroidManifest.xml:59:13-71
123            android:exported="false"
123-->[com.firebaseui:firebase-ui-auth:8.0.2] AndroidManifest.xml:60:13-37
124            android:label="@string/fui_sign_in_with_phone_number"
124-->[com.firebaseui:firebase-ui-auth:8.0.2] AndroidManifest.xml:61:13-66
125            android:windowSoftInputMode="adjustResize|stateAlwaysVisible" />
125-->[com.firebaseui:firebase-ui-auth:8.0.2] AndroidManifest.xml:62:13-74
126        <activity
126-->[com.firebaseui:firebase-ui-auth:8.0.2] AndroidManifest.xml:63:9-67:58
127            android:name="com.firebase.ui.auth.ui.idp.WelcomeBackIdpPrompt"
127-->[com.firebaseui:firebase-ui-auth:8.0.2] AndroidManifest.xml:64:13-76
128            android:exported="false"
128-->[com.firebaseui:firebase-ui-auth:8.0.2] AndroidManifest.xml:65:13-37
129            android:label="@string/fui_title_welcome_back_idp_prompt"
129-->[com.firebaseui:firebase-ui-auth:8.0.2] AndroidManifest.xml:66:13-70
130            android:windowSoftInputMode="adjustResize" />
130-->[com.firebaseui:firebase-ui-auth:8.0.2] AndroidManifest.xml:67:13-55
131        <activity
131-->[com.firebaseui:firebase-ui-auth:8.0.2] AndroidManifest.xml:68:9-72:58
132            android:name="com.firebase.ui.auth.ui.email.WelcomeBackPasswordPrompt"
132-->[com.firebaseui:firebase-ui-auth:8.0.2] AndroidManifest.xml:69:13-83
133            android:exported="false"
133-->[com.firebaseui:firebase-ui-auth:8.0.2] AndroidManifest.xml:70:13-37
134            android:label="@string/fui_title_welcome_back_password_prompt"
134-->[com.firebaseui:firebase-ui-auth:8.0.2] AndroidManifest.xml:71:13-75
135            android:windowSoftInputMode="adjustResize" />
135-->[com.firebaseui:firebase-ui-auth:8.0.2] AndroidManifest.xml:72:13-55
136        <activity
136-->[com.firebaseui:firebase-ui-auth:8.0.2] AndroidManifest.xml:73:9-77:58
137            android:name="com.firebase.ui.auth.ui.email.WelcomeBackEmailLinkPrompt"
137-->[com.firebaseui:firebase-ui-auth:8.0.2] AndroidManifest.xml:74:13-84
138            android:exported="false"
138-->[com.firebaseui:firebase-ui-auth:8.0.2] AndroidManifest.xml:75:13-37
139            android:label="@string/fui_title_welcome_back_password_prompt"
139-->[com.firebaseui:firebase-ui-auth:8.0.2] AndroidManifest.xml:76:13-75
140            android:windowSoftInputMode="adjustResize" />
140-->[com.firebaseui:firebase-ui-auth:8.0.2] AndroidManifest.xml:77:13-55
141        <activity
141-->[com.firebaseui:firebase-ui-auth:8.0.2] AndroidManifest.xml:78:9-83:58
142            android:name="com.firebase.ui.auth.ui.email.EmailLinkCatcherActivity"
142-->[com.firebaseui:firebase-ui-auth:8.0.2] AndroidManifest.xml:79:13-82
143            android:exported="false"
143-->[com.firebaseui:firebase-ui-auth:8.0.2] AndroidManifest.xml:80:13-37
144            android:label=""
144-->[com.firebaseui:firebase-ui-auth:8.0.2] AndroidManifest.xml:81:13-29
145            android:theme="@style/FirebaseUI.Transparent"
145-->[com.firebaseui:firebase-ui-auth:8.0.2] AndroidManifest.xml:82:13-58
146            android:windowSoftInputMode="adjustResize" />
146-->[com.firebaseui:firebase-ui-auth:8.0.2] AndroidManifest.xml:83:13-55
147        <activity
147-->[com.firebaseui:firebase-ui-auth:8.0.2] AndroidManifest.xml:84:9-88:58
148            android:name="com.firebase.ui.auth.ui.email.EmailLinkErrorRecoveryActivity"
148-->[com.firebaseui:firebase-ui-auth:8.0.2] AndroidManifest.xml:85:13-88
149            android:exported="false"
149-->[com.firebaseui:firebase-ui-auth:8.0.2] AndroidManifest.xml:86:13-37
150            android:label="@string/fui_sign_in_default"
150-->[com.firebaseui:firebase-ui-auth:8.0.2] AndroidManifest.xml:87:13-56
151            android:windowSoftInputMode="adjustResize" />
151-->[com.firebaseui:firebase-ui-auth:8.0.2] AndroidManifest.xml:88:13-55
152        <activity
152-->[com.firebaseui:firebase-ui-auth:8.0.2] AndroidManifest.xml:89:9-92:65
153            android:name="com.firebase.ui.auth.ui.idp.AuthMethodPickerActivity"
153-->[com.firebaseui:firebase-ui-auth:8.0.2] AndroidManifest.xml:90:13-80
154            android:exported="false"
154-->[com.firebaseui:firebase-ui-auth:8.0.2] AndroidManifest.xml:91:13-37
155            android:label="@string/fui_default_toolbar_title" />
155-->[com.firebaseui:firebase-ui-auth:8.0.2] AndroidManifest.xml:92:13-62
156        <activity
156-->[com.firebaseui:firebase-ui-auth:8.0.2] AndroidManifest.xml:93:9-97:48
157            android:name="com.facebook.FacebookActivity"
157-->[com.firebaseui:firebase-ui-auth:8.0.2] AndroidManifest.xml:94:13-57
158            android:configChanges="keyboard|keyboardHidden|screenLayout|screenSize|orientation"
158-->[com.firebaseui:firebase-ui-auth:8.0.2] AndroidManifest.xml:95:13-96
159            android:label="@string/app_name" />
159-->[com.firebaseui:firebase-ui-auth:8.0.2] AndroidManifest.xml:96:13-45
160        <activity
160-->[com.firebaseui:firebase-ui-auth:8.0.2] AndroidManifest.xml:98:9-110:20
161            android:name="com.facebook.CustomTabActivity"
161-->[com.firebaseui:firebase-ui-auth:8.0.2] AndroidManifest.xml:99:13-58
162            android:exported="true" >
162-->[com.firebaseui:firebase-ui-auth:8.0.2] AndroidManifest.xml:100:13-36
163            <intent-filter>
163-->[com.firebaseui:firebase-ui-auth:8.0.2] AndroidManifest.xml:102:13-109:29
164                <action android:name="android.intent.action.VIEW" />
164-->[com.firebaseui:firebase-ui-auth:8.0.2] AndroidManifest.xml:17:13-65
164-->[com.firebaseui:firebase-ui-auth:8.0.2] AndroidManifest.xml:17:21-62
165
166                <category android:name="android.intent.category.DEFAULT" />
166-->[com.firebaseui:firebase-ui-auth:8.0.2] AndroidManifest.xml:105:17-76
166-->[com.firebaseui:firebase-ui-auth:8.0.2] AndroidManifest.xml:105:27-73
167                <category android:name="android.intent.category.BROWSABLE" />
167-->[com.firebaseui:firebase-ui-auth:8.0.2] AndroidManifest.xml:19:13-74
167-->[com.firebaseui:firebase-ui-auth:8.0.2] AndroidManifest.xml:19:23-71
168
169                <data android:scheme="@string/facebook_login_protocol_scheme" />
169-->[com.firebaseui:firebase-ui-auth:8.0.2] AndroidManifest.xml:21:13-43
169-->[com.firebaseui:firebase-ui-auth:8.0.2] AndroidManifest.xml:21:19-40
170            </intent-filter>
171        </activity>
172
173        <provider
173-->[com.firebaseui:firebase-ui-auth:8.0.2] AndroidManifest.xml:112:9-116:38
174            android:name="com.firebase.ui.auth.data.client.AuthUiInitProvider"
174-->[com.firebaseui:firebase-ui-auth:8.0.2] AndroidManifest.xml:113:13-79
175            android:authorities="com.paqta.paqtafood.authuiinitprovider"
175-->[com.firebaseui:firebase-ui-auth:8.0.2] AndroidManifest.xml:114:13-70
176            android:exported="false"
176-->[com.firebaseui:firebase-ui-auth:8.0.2] AndroidManifest.xml:115:13-37
177            android:initOrder="90" />
177-->[com.firebaseui:firebase-ui-auth:8.0.2] AndroidManifest.xml:116:13-35
178
179        <activity
179-->[com.google.firebase:firebase-auth:21.3.0] AndroidManifest.xml:29:9-46:20
180            android:name="com.google.firebase.auth.internal.GenericIdpActivity"
180-->[com.google.firebase:firebase-auth:21.3.0] AndroidManifest.xml:30:13-80
181            android:excludeFromRecents="true"
181-->[com.google.firebase:firebase-auth:21.3.0] AndroidManifest.xml:31:13-46
182            android:exported="true"
182-->[com.google.firebase:firebase-auth:21.3.0] AndroidManifest.xml:32:13-36
183            android:launchMode="singleTask"
183-->[com.google.firebase:firebase-auth:21.3.0] AndroidManifest.xml:33:13-44
184            android:theme="@android:style/Theme.Translucent.NoTitleBar" >
184-->[com.google.firebase:firebase-auth:21.3.0] AndroidManifest.xml:34:13-72
185            <intent-filter>
185-->[com.google.firebase:firebase-auth:21.3.0] AndroidManifest.xml:35:13-45:29
186                <action android:name="android.intent.action.VIEW" />
186-->[com.firebaseui:firebase-ui-auth:8.0.2] AndroidManifest.xml:17:13-65
186-->[com.firebaseui:firebase-ui-auth:8.0.2] AndroidManifest.xml:17:21-62
187
188                <category android:name="android.intent.category.DEFAULT" />
188-->[com.firebaseui:firebase-ui-auth:8.0.2] AndroidManifest.xml:105:17-76
188-->[com.firebaseui:firebase-ui-auth:8.0.2] AndroidManifest.xml:105:27-73
189                <category android:name="android.intent.category.BROWSABLE" />
189-->[com.firebaseui:firebase-ui-auth:8.0.2] AndroidManifest.xml:19:13-74
189-->[com.firebaseui:firebase-ui-auth:8.0.2] AndroidManifest.xml:19:23-71
190
191                <data
191-->[com.firebaseui:firebase-ui-auth:8.0.2] AndroidManifest.xml:21:13-43
192                    android:host="firebase.auth"
193                    android:path="/"
194                    android:scheme="genericidp" />
194-->[com.firebaseui:firebase-ui-auth:8.0.2] AndroidManifest.xml:21:19-40
195            </intent-filter>
196        </activity>
197        <activity
197-->[com.google.firebase:firebase-auth:21.3.0] AndroidManifest.xml:47:9-64:20
198            android:name="com.google.firebase.auth.internal.RecaptchaActivity"
198-->[com.google.firebase:firebase-auth:21.3.0] AndroidManifest.xml:48:13-79
199            android:excludeFromRecents="true"
199-->[com.google.firebase:firebase-auth:21.3.0] AndroidManifest.xml:49:13-46
200            android:exported="true"
200-->[com.google.firebase:firebase-auth:21.3.0] AndroidManifest.xml:50:13-36
201            android:launchMode="singleTask"
201-->[com.google.firebase:firebase-auth:21.3.0] AndroidManifest.xml:51:13-44
202            android:theme="@android:style/Theme.Translucent.NoTitleBar" >
202-->[com.google.firebase:firebase-auth:21.3.0] AndroidManifest.xml:52:13-72
203            <intent-filter>
203-->[com.google.firebase:firebase-auth:21.3.0] AndroidManifest.xml:53:13-63:29
204                <action android:name="android.intent.action.VIEW" />
204-->[com.firebaseui:firebase-ui-auth:8.0.2] AndroidManifest.xml:17:13-65
204-->[com.firebaseui:firebase-ui-auth:8.0.2] AndroidManifest.xml:17:21-62
205
206                <category android:name="android.intent.category.DEFAULT" />
206-->[com.firebaseui:firebase-ui-auth:8.0.2] AndroidManifest.xml:105:17-76
206-->[com.firebaseui:firebase-ui-auth:8.0.2] AndroidManifest.xml:105:27-73
207                <category android:name="android.intent.category.BROWSABLE" />
207-->[com.firebaseui:firebase-ui-auth:8.0.2] AndroidManifest.xml:19:13-74
207-->[com.firebaseui:firebase-ui-auth:8.0.2] AndroidManifest.xml:19:23-71
208
209                <data
209-->[com.firebaseui:firebase-ui-auth:8.0.2] AndroidManifest.xml:21:13-43
210                    android:host="firebase.auth"
211                    android:path="/"
212                    android:scheme="recaptcha" />
212-->[com.firebaseui:firebase-ui-auth:8.0.2] AndroidManifest.xml:21:19-40
213            </intent-filter>
214        </activity>
215
216        <service
216-->[com.google.firebase:firebase-auth:21.3.0] AndroidManifest.xml:66:9-72:19
217            android:name="com.google.firebase.components.ComponentDiscoveryService"
217-->[com.google.firebase:firebase-auth:21.3.0] AndroidManifest.xml:67:13-84
218            android:directBootAware="true"
218-->[com.google.firebase:firebase-common:20.3.2] AndroidManifest.xml:34:13-43
219            android:exported="false" >
219-->[com.google.firebase:firebase-auth:21.3.0] AndroidManifest.xml:68:13-37
220            <meta-data
220-->[com.google.firebase:firebase-auth:21.3.0] AndroidManifest.xml:69:13-71:85
221                android:name="com.google.firebase.components:com.google.firebase.auth.FirebaseAuthRegistrar"
221-->[com.google.firebase:firebase-auth:21.3.0] AndroidManifest.xml:70:17-109
222                android:value="com.google.firebase.components.ComponentRegistrar" />
222-->[com.google.firebase:firebase-auth:21.3.0] AndroidManifest.xml:71:17-82
223            <meta-data
223-->[com.google.firebase:firebase-database:20.2.0] AndroidManifest.xml:31:13-33:85
224                android:name="com.google.firebase.components:com.google.firebase.database.DatabaseRegistrar"
224-->[com.google.firebase:firebase-database:20.2.0] AndroidManifest.xml:32:17-109
225                android:value="com.google.firebase.components.ComponentRegistrar" />
225-->[com.google.firebase:firebase-database:20.2.0] AndroidManifest.xml:33:17-82
226            <meta-data
226-->[com.google.firebase:firebase-firestore:24.5.0] AndroidManifest.xml:19:13-21:85
227                android:name="com.google.firebase.components:com.google.firebase.firestore.FirestoreRegistrar"
227-->[com.google.firebase:firebase-firestore:24.5.0] AndroidManifest.xml:20:17-111
228                android:value="com.google.firebase.components.ComponentRegistrar" />
228-->[com.google.firebase:firebase-firestore:24.5.0] AndroidManifest.xml:21:17-82
229            <meta-data
229-->[com.google.firebase:firebase-storage:20.1.0] AndroidManifest.xml:32:13-34:85
230                android:name="com.google.firebase.components:com.google.firebase.storage.StorageRegistrar"
230-->[com.google.firebase:firebase-storage:20.1.0] AndroidManifest.xml:33:17-107
231                android:value="com.google.firebase.components.ComponentRegistrar" />
231-->[com.google.firebase:firebase-storage:20.1.0] AndroidManifest.xml:34:17-82
232            <meta-data
232-->[com.google.android.gms:play-services-measurement-api:21.2.2] AndroidManifest.xml:31:13-33:85
233                android:name="com.google.firebase.components:com.google.firebase.analytics.connector.internal.AnalyticsConnectorRegistrar"
233-->[com.google.android.gms:play-services-measurement-api:21.2.2] AndroidManifest.xml:32:17-139
234                android:value="com.google.firebase.components.ComponentRegistrar" />
234-->[com.google.android.gms:play-services-measurement-api:21.2.2] AndroidManifest.xml:33:17-82
235            <meta-data
235-->[com.google.firebase:firebase-installations:17.1.3] AndroidManifest.xml:17:13-19:85
236                android:name="com.google.firebase.components:com.google.firebase.installations.FirebaseInstallationsRegistrar"
236-->[com.google.firebase:firebase-installations:17.1.3] AndroidManifest.xml:18:17-127
237                android:value="com.google.firebase.components.ComponentRegistrar" />
237-->[com.google.firebase:firebase-installations:17.1.3] AndroidManifest.xml:19:17-82
238        </service>
239
240        <activity
240-->[com.google.android.gms:play-services-auth:20.5.0] AndroidManifest.xml:23:9-27:75
241            android:name="com.google.android.gms.auth.api.signin.internal.SignInHubActivity"
241-->[com.google.android.gms:play-services-auth:20.5.0] AndroidManifest.xml:24:13-93
242            android:excludeFromRecents="true"
242-->[com.google.android.gms:play-services-auth:20.5.0] AndroidManifest.xml:25:13-46
243            android:exported="false"
243-->[com.google.android.gms:play-services-auth:20.5.0] AndroidManifest.xml:26:13-37
244            android:theme="@android:style/Theme.Translucent.NoTitleBar" />
244-->[com.google.android.gms:play-services-auth:20.5.0] AndroidManifest.xml:27:13-72
245        <!--
246            Service handling Google Sign-In user revocation. For apps that do not integrate with
247            Google Sign-In, this service will never be started.
248        -->
249        <service
249-->[com.google.android.gms:play-services-auth:20.5.0] AndroidManifest.xml:33:9-37:51
250            android:name="com.google.android.gms.auth.api.signin.RevocationBoundService"
250-->[com.google.android.gms:play-services-auth:20.5.0] AndroidManifest.xml:34:13-89
251            android:exported="true"
251-->[com.google.android.gms:play-services-auth:20.5.0] AndroidManifest.xml:35:13-36
252            android:permission="com.google.android.gms.auth.api.signin.permission.REVOCATION_NOTIFICATION"
252-->[com.google.android.gms:play-services-auth:20.5.0] AndroidManifest.xml:36:13-107
253            android:visibleToInstantApps="true" />
253-->[com.google.android.gms:play-services-auth:20.5.0] AndroidManifest.xml:37:13-48
254
255        <provider
255-->[com.google.firebase:firebase-common:20.3.2] AndroidManifest.xml:25:9-30:39
256            android:name="com.google.firebase.provider.FirebaseInitProvider"
256-->[com.google.firebase:firebase-common:20.3.2] AndroidManifest.xml:26:13-77
257            android:authorities="com.paqta.paqtafood.firebaseinitprovider"
257-->[com.google.firebase:firebase-common:20.3.2] AndroidManifest.xml:27:13-72
258            android:directBootAware="true"
258-->[com.google.firebase:firebase-common:20.3.2] AndroidManifest.xml:28:13-43
259            android:exported="false"
259-->[com.google.firebase:firebase-common:20.3.2] AndroidManifest.xml:29:13-37
260            android:initOrder="100" />
260-->[com.google.firebase:firebase-common:20.3.2] AndroidManifest.xml:30:13-36
261
262        <receiver
262-->[com.google.android.gms:play-services-measurement:21.2.2] AndroidManifest.xml:29:9-33:20
263            android:name="com.google.android.gms.measurement.AppMeasurementReceiver"
263-->[com.google.android.gms:play-services-measurement:21.2.2] AndroidManifest.xml:30:13-85
264            android:enabled="true"
264-->[com.google.android.gms:play-services-measurement:21.2.2] AndroidManifest.xml:31:13-35
265            android:exported="false" >
265-->[com.google.android.gms:play-services-measurement:21.2.2] AndroidManifest.xml:32:13-37
266        </receiver>
267
268        <service
268-->[com.google.android.gms:play-services-measurement:21.2.2] AndroidManifest.xml:35:9-38:40
269            android:name="com.google.android.gms.measurement.AppMeasurementService"
269-->[com.google.android.gms:play-services-measurement:21.2.2] AndroidManifest.xml:36:13-84
270            android:enabled="true"
270-->[com.google.android.gms:play-services-measurement:21.2.2] AndroidManifest.xml:37:13-35
271            android:exported="false" />
271-->[com.google.android.gms:play-services-measurement:21.2.2] AndroidManifest.xml:38:13-37
272        <service
272-->[com.google.android.gms:play-services-measurement:21.2.2] AndroidManifest.xml:39:9-43:72
273            android:name="com.google.android.gms.measurement.AppMeasurementJobService"
273-->[com.google.android.gms:play-services-measurement:21.2.2] AndroidManifest.xml:40:13-87
274            android:enabled="true"